[2026-06-24T03:02:54.497+0000] {local_task_job_runner.py:120} INFO - ::group::Pre task execution logs
[2026-06-24T03:02:54.551+0000] {taskinstance.py:2076} INFO - Dependencies all met for dep_context=non-requeueable deps ti=<TaskInstance: viscon_minio_to_clickhouse.extract_and_load_viscon_task scheduled__2026-06-22T07:30:00+00:00 [queued]>
[2026-06-24T03:02:54.563+0000] {taskinstance.py:2076} INFO - Dependencies all met for dep_context=requeueable deps ti=<TaskInstance: viscon_minio_to_clickhouse.extract_and_load_viscon_task scheduled__2026-06-22T07:30:00+00:00 [queued]>
[2026-06-24T03:02:54.563+0000] {taskinstance.py:2306} INFO - Starting attempt 1 of 2
[2026-06-24T03:02:54.584+0000] {taskinstance.py:2330} INFO - Executing <Task(PythonOperator): extract_and_load_viscon_task> on 2026-06-22 07:30:00+00:00
[2026-06-24T03:02:54.598+0000] {standard_task_runner.py:63} INFO - Started process 167 to run task
[2026-06-24T03:02:54.614+0000] {standard_task_runner.py:90} INFO - Running: ['airflow', 'tasks', 'run', 'viscon_minio_to_clickhouse', 'extract_and_load_viscon_task', 'scheduled__2026-06-22T07:30:00+00:00', '--job-id', '55', '--raw', '--subdir', 'DAGS_FOLDER/dag_minio_clickhouse.py', '--cfg-path', '/tmp/tmpsfwochs0']
[2026-06-24T03:02:54.621+0000] {standard_task_runner.py:91} INFO - Job 55: Subtask extract_and_load_viscon_task
[2026-06-24T03:02:54.786+0000] {task_command.py:426} INFO - Running <TaskInstance: viscon_minio_to_clickhouse.extract_and_load_viscon_task scheduled__2026-06-22T07:30:00+00:00 [running]> on host a83b825d79a2
[2026-06-24T03:02:54.975+0000] {taskinstance.py:2648} INFO - Exporting env vars: AIRFLOW_CTX_DAG_OWNER='data_engineering_team' AIRFLOW_CTX_DAG_ID='viscon_minio_to_clickhouse' AIRFLOW_CTX_TASK_ID='extract_and_load_viscon_task' AIRFLOW_CTX_EXECUTION_DATE='2026-06-22T07:30:00+00:00' AIRFLOW_CTX_TRY_NUMBER='1' AIRFLOW_CTX_DAG_RUN_ID='scheduled__2026-06-22T07:30:00+00:00'
[2026-06-24T03:02:54.975+0000] {taskinstance.py:430} INFO - ::endgroup::
[2026-06-24T03:02:56.638+0000] {base.py:84} INFO - Using connection ID 'minio_conn_id' for task execution.
[2026-06-24T03:02:56.639+0000] {logging_mixin.py:188} INFO - minio_conn minio_conn_id
[2026-06-24T03:02:56.639+0000] {logging_mixin.py:188} INFO - minio_conn.host 
[2026-06-24T03:02:56.639+0000] {logging_mixin.py:188} INFO - minio_conn.port None
[2026-06-24T03:02:56.639+0000] {logging_mixin.py:188} INFO - minio_conn.login rjOLAir5n9kcnZVMXPYd
[2026-06-24T03:02:56.639+0000] {logging_mixin.py:188} INFO - minio_conn.password ***
[2026-06-24T03:02:56.640+0000] {logging_mixin.py:188} INFO - minio_conn.extra_dejson {'endpoint_url': '172.17.252.103:9000'}
[2026-06-24T03:02:56.640+0000] {logging_mixin.py:188} INFO - Membaca data langsung dari memori: s3://transplant-data-backup/final_plant_result/20260618-Good-transplant-data.csv
[2026-06-24T03:02:59.883+0000] {base.py:84} INFO - Using connection ID 'clickhouse_http_conn_id' for task execution.
[2026-06-24T03:02:59.884+0000] {logging_mixin.py:188} INFO - Membuka koneksi ke ClickHouse di 172.17.253.181:8123
[2026-06-24T03:03:11.138+0000] {connectionpool.py:874} WARNING - Retrying (Retry(total=0, connect=None, read=None, redirect=0, status=None)) after connection broken by 'ConnectTimeoutError(<urllib3.connection.HTTPConnection object at 0x74c92eb76e90>, 'Connection to 172.17.253.181 timed out. (connect timeout=10)')': /?query_id=2db3ba35-3258-41cc-91e9-b14e2ad6f8c2
[2026-06-24T03:03:21.311+0000] {httpclient.py:619} WARNING - Unexpected Http Driver Exception
[2026-06-24T03:03:21.313+0000] {taskinstance.py:441} INFO - ::group::Post task execution logs
[2026-06-24T03:03:21.313+0000] {taskinstance.py:2905} ERROR - Task failed with exception
Traceback (most recent call last):
  File "/home/airflow/.local/lib/python3.10/site-packages/urllib3/connection.py", line 198, in _new_conn
    sock = connection.create_connection(
  File "/home/airflow/.local/lib/python3.10/site-packages/urllib3/util/connection.py", line 85, in create_connection
    raise err
  File "/home/airflow/.local/lib/python3.10/site-packages/urllib3/util/connection.py", line 73, in create_connection
    sock.connect(sa)
TimeoutError: timed out

The above exception was the direct cause of the following exception:

Traceback (most recent call last):
  File "/home/airflow/.local/lib/python3.10/site-packages/urllib3/connectionpool.py", line 793, in urlopen
    response = self._make_request(
  File "/home/airflow/.local/lib/python3.10/site-packages/urllib3/connectionpool.py", line 496, in _make_request
    conn.request(
  File "/home/airflow/.local/lib/python3.10/site-packages/urllib3/connection.py", line 400, in request
    self.endheaders()
  File "/usr/local/lib/python3.10/http/client.py", line 1278, in endheaders
    self._send_output(message_body, encode_chunked=encode_chunked)
  File "/usr/local/lib/python3.10/http/client.py", line 1038, in _send_output
    self.send(msg)
  File "/usr/local/lib/python3.10/http/client.py", line 976, in send
    self.connect()
  File "/home/airflow/.local/lib/python3.10/site-packages/urllib3/connection.py", line 238, in connect
    self.sock = self._new_conn()
  File "/home/airflow/.local/lib/python3.10/site-packages/urllib3/connection.py", line 207, in _new_conn
    raise ConnectTimeoutError(
urllib3.exceptions.ConnectTimeoutError: (<urllib3.connection.HTTPConnection object at 0x74c92eb76d10>, 'Connection to 172.17.253.181 timed out. (connect timeout=10)')

The above exception was the direct cause of the following exception:

Traceback (most recent call last):
  File "/home/airflow/.local/lib/python3.10/site-packages/clickhouse_connect/driver/httpclient.py", line 596, in _raw_request
    response = self.http.request(method, url, **kwargs)
  File "/home/airflow/.local/lib/python3.10/site-packages/urllib3/_request_methods.py", line 144, in request
    return self.request_encode_body(
  File "/home/airflow/.local/lib/python3.10/site-packages/urllib3/_request_methods.py", line 279, in request_encode_body
    return self.urlopen(method, url, **extra_kw)
  File "/home/airflow/.local/lib/python3.10/site-packages/urllib3/poolmanager.py", line 444, in urlopen
    response = conn.urlopen(method, u.request_uri, **kw)
  File "/home/airflow/.local/lib/python3.10/site-packages/urllib3/connectionpool.py", line 877, in urlopen
    return self.urlopen(
  File "/home/airflow/.local/lib/python3.10/site-packages/urllib3/connectionpool.py", line 847, in urlopen
    retries = retries.increment(
  File "/home/airflow/.local/lib/python3.10/site-packages/urllib3/util/retry.py", line 515, in increment
    raise MaxRetryError(_pool, url, reason) from reason  # type: ignore[arg-type]
urllib3.exceptions.MaxRetryError: HTTPConnectionPool(host='172.17.253.181', port=8123): Max retries exceeded with url: /?query_id=2db3ba35-3258-41cc-91e9-b14e2ad6f8c2 (Caused by ConnectTimeoutError(<urllib3.connection.HTTPConnection object at 0x74c92eb76d10>, 'Connection to 172.17.253.181 timed out. (connect timeout=10)'))

The above exception was the direct cause of the following exception:

Traceback (most recent call last):
  File "/home/airflow/.local/lib/python3.10/site-packages/airflow/models/taskinstance.py", line 465, in _execute_task
    result = _execute_callable(context=context, **execute_callable_kwargs)
  File "/home/airflow/.local/lib/python3.10/site-packages/airflow/models/taskinstance.py", line 432, in _execute_callable
    return execute_callable(context=context, **execute_callable_kwargs)
  File "/home/airflow/.local/lib/python3.10/site-packages/airflow/models/baseoperator.py", line 400, in wrapper
    return func(self, *args, **kwargs)
  File "/home/airflow/.local/lib/python3.10/site-packages/airflow/operators/python.py", line 235, in execute
    return_value = self.execute_callable()
  File "/home/airflow/.local/lib/python3.10/site-packages/airflow/operators/python.py", line 252, in execute_callable
    return self.python_callable(*self.op_args, **self.op_kwargs)
  File "/opt/airflow/dags/dag_minio_clickhouse.py", line 84, in _process_viscon_data
    client = clickhouse_connect.get_client(
  File "/home/airflow/.local/lib/python3.10/site-packages/clickhouse_connect/driver/__init__.py", line 223, in create_client
    return HttpClient(
  File "/home/airflow/.local/lib/python3.10/site-packages/clickhouse_connect/driver/httpclient.py", line 216, in __init__
    super().__init__(
  File "/home/airflow/.local/lib/python3.10/site-packages/clickhouse_connect/driver/client.py", line 192, in __init__
    self._init_common_settings(resolved_tz_source)
  File "/home/airflow/.local/lib/python3.10/site-packages/clickhouse_connect/driver/client.py", line 199, in _init_common_settings
    self.server_version, server_tz = tuple(self.command("SELECT version(), timezone()", use_database=False))
  File "/home/airflow/.local/lib/python3.10/site-packages/clickhouse_connect/driver/httpclient.py", line 486, in command
    response = self._raw_request(payload, params, headers, method, fields=fields, server_wait=False)
  File "/home/airflow/.local/lib/python3.10/site-packages/clickhouse_connect/driver/httpclient.py", line 621, in _raw_request
    raise OperationalError(f"Error {ex} executing HTTP request attempt {attempts}{err_url}") from ex
clickhouse_connect.driver.exceptions.OperationalError: Error HTTPConnectionPool(host='172.17.253.181', port=8123): Max retries exceeded with url: /?query_id=2db3ba35-3258-41cc-91e9-b14e2ad6f8c2 (Caused by ConnectTimeoutError(<urllib3.connection.HTTPConnection object at 0x74c92eb76d10>, 'Connection to 172.17.253.181 timed out. (connect timeout=10)')) executing HTTP request attempt 1 (http://172.17.253.181:8123)
[2026-06-24T03:03:21.353+0000] {taskinstance.py:1206} INFO - Marking task as UP_FOR_RETRY. dag_id=viscon_minio_to_clickhouse, task_id=extract_and_load_viscon_task, run_id=scheduled__2026-06-22T07:30:00+00:00, execution_date=20260622T073000, start_date=20260624T030254, end_date=20260624T030321
[2026-06-24T03:03:21.374+0000] {standard_task_runner.py:110} ERROR - Failed to execute job 55 for task extract_and_load_viscon_task (Error HTTPConnectionPool(host='172.17.253.181', port=8123): Max retries exceeded with url: /?query_id=2db3ba35-3258-41cc-91e9-b14e2ad6f8c2 (Caused by ConnectTimeoutError(<urllib3.connection.HTTPConnection object at 0x74c92eb76d10>, 'Connection to 172.17.253.181 timed out. (connect timeout=10)')) executing HTTP request attempt 1 (http://172.17.253.181:8123); 167)
[2026-06-24T03:03:21.426+0000] {local_task_job_runner.py:240} INFO - Task exited with return code 1
[2026-06-24T03:03:21.454+0000] {taskinstance.py:3498} INFO - 0 downstream tasks scheduled from follow-on schedule check
[2026-06-24T03:03:21.457+0000] {local_task_job_runner.py:222} INFO - ::endgroup::
