[2026-06-19T03:47:33.567+0000] {local_task_job_runner.py:120} INFO - ::group::Pre task execution logs
[2026-06-19T03:47:33.657+0000] {taskinstance.py:2076} INFO - Dependencies all met for dep_context=non-requeueable deps ti=<TaskInstance: viscon_minio_to_clickhouse.extract_and_load_viscon_task scheduled__2026-06-17T07:30:00+00:00 [queued]>
[2026-06-19T03:47:33.683+0000] {taskinstance.py:2076} INFO - Dependencies all met for dep_context=requeueable deps ti=<TaskInstance: viscon_minio_to_clickhouse.extract_and_load_viscon_task scheduled__2026-06-17T07:30:00+00:00 [queued]>
[2026-06-19T03:47:33.684+0000] {taskinstance.py:2306} INFO - Starting attempt 1 of 2
[2026-06-19T03:47:33.728+0000] {taskinstance.py:2330} INFO - Executing <Task(PythonOperator): extract_and_load_viscon_task> on 2026-06-17 07:30:00+00:00
[2026-06-19T03:47:33.743+0000] {standard_task_runner.py:63} INFO - Started process 168 to run task
[2026-06-19T03:47:33.754+0000] {standard_task_runner.py:90} INFO - Running: ['airflow', 'tasks', 'run', 'viscon_minio_to_clickhouse', 'extract_and_load_viscon_task', 'scheduled__2026-06-17T07:30:00+00:00', '--job-id', '37', '--raw', '--subdir', 'DAGS_FOLDER/dag_minio_clickhouse.py', '--cfg-path', '/tmp/tmp1lv6_oj2']
[2026-06-19T03:47:33.764+0000] {standard_task_runner.py:91} INFO - Job 37: Subtask extract_and_load_viscon_task
[2026-06-19T03:47:34.102+0000] {task_command.py:426} INFO - Running <TaskInstance: viscon_minio_to_clickhouse.extract_and_load_viscon_task scheduled__2026-06-17T07:30:00+00:00 [running]> on host a83b825d79a2
[2026-06-19T03:47:34.559+0000] {taskinstance.py:2648} INFO - Exporting env vars: AIRFLOW_CTX_DAG_OWNER='data_engineering_team' AIRFLOW_CTX_DAG_ID='viscon_minio_to_clickhouse' AIRFLOW_CTX_TASK_ID='extract_and_load_viscon_task' AIRFLOW_CTX_EXECUTION_DATE='2026-06-17T07:30:00+00:00' AIRFLOW_CTX_TRY_NUMBER='1' AIRFLOW_CTX_DAG_RUN_ID='scheduled__2026-06-17T07:30:00+00:00'
[2026-06-19T03:47:34.560+0000] {taskinstance.py:430} INFO - ::endgroup::
[2026-06-19T03:47:38.610+0000] {base.py:84} INFO - Using connection ID 'minio_conn_id' for task execution.
[2026-06-19T03:47:38.611+0000] {logging_mixin.py:188} INFO - Membaca data langsung dari memori: s3://transplant-data-backup/final_plant_result/20260618-Good-transplant-data.csv
[2026-06-19T03:47:38.832+0000] {taskinstance.py:441} INFO - ::group::Post task execution logs
[2026-06-19T03:47:38.833+0000] {taskinstance.py:2905} ERROR - Task failed with exception
Traceback (most recent call last):
  File "/home/airflow/.local/lib/python3.10/site-packages/fsspec/registry.py", line 236, in get_filesystem_class
    register_implementation(protocol, _import_class(bit["class"]))
  File "/home/airflow/.local/lib/python3.10/site-packages/fsspec/registry.py", line 271, in _import_class
    mod = importlib.import_module(mod)
  File "/usr/local/lib/python3.10/importlib/__init__.py", line 126, in import_module
    return _bootstrap._gcd_import(name[level:], package, level)
  File "<frozen importlib._bootstrap>", line 1050, in _gcd_import
  File "<frozen importlib._bootstrap>", line 1027, in _find_and_load
  File "<frozen importlib._bootstrap>", line 1004, in _find_and_load_unlocked
ModuleNotFoundError: No module named 's3fs'

The above exception was the direct cause of the following exception:

Traceback (most recent call last):
  File "/home/airflow/.local/lib/python3.10/site-packages/airflow/models/taskinstance.py", line 465, in _execute_task
    result = _execute_callable(context=context, **execute_callable_kwargs)
  File "/home/airflow/.local/lib/python3.10/site-packages/airflow/models/taskinstance.py", line 432, in _execute_callable
    return execute_callable(context=context, **execute_callable_kwargs)
  File "/home/airflow/.local/lib/python3.10/site-packages/airflow/models/baseoperator.py", line 400, in wrapper
    return func(self, *args, **kwargs)
  File "/home/airflow/.local/lib/python3.10/site-packages/airflow/operators/python.py", line 235, in execute
    return_value = self.execute_callable()
  File "/home/airflow/.local/lib/python3.10/site-packages/airflow/operators/python.py", line 252, in execute_callable
    return self.python_callable(*self.op_args, **self.op_kwargs)
  File "/opt/airflow/dags/dag_minio_clickhouse.py", line 52, in _process_viscon_data
    df = pd.read_csv(
  File "/home/airflow/.local/lib/python3.10/site-packages/pandas/io/parsers/readers.py", line 948, in read_csv
    return _read(filepath_or_buffer, kwds)
  File "/home/airflow/.local/lib/python3.10/site-packages/pandas/io/parsers/readers.py", line 611, in _read
    parser = TextFileReader(filepath_or_buffer, **kwds)
  File "/home/airflow/.local/lib/python3.10/site-packages/pandas/io/parsers/readers.py", line 1448, in __init__
    self._engine = self._make_engine(f, self.engine)
  File "/home/airflow/.local/lib/python3.10/site-packages/pandas/io/parsers/readers.py", line 1705, in _make_engine
    self.handles = get_handle(
  File "/home/airflow/.local/lib/python3.10/site-packages/pandas/io/common.py", line 718, in get_handle
    ioargs = _get_filepath_or_buffer(
  File "/home/airflow/.local/lib/python3.10/site-packages/pandas/io/common.py", line 418, in _get_filepath_or_buffer
    file_obj = fsspec.open(
  File "/home/airflow/.local/lib/python3.10/site-packages/fsspec/core.py", line 459, in open
    out = open_files(
  File "/home/airflow/.local/lib/python3.10/site-packages/fsspec/core.py", line 283, in open_files
    fs, fs_token, paths = get_fs_token_paths(
  File "/home/airflow/.local/lib/python3.10/site-packages/fsspec/core.py", line 623, in get_fs_token_paths
    chain = _un_chain(urlpath0, storage_options or {})
  File "/home/airflow/.local/lib/python3.10/site-packages/fsspec/core.py", line 332, in _un_chain
    cls = get_filesystem_class(protocol)
  File "/home/airflow/.local/lib/python3.10/site-packages/fsspec/registry.py", line 238, in get_filesystem_class
    raise ImportError(bit["err"]) from e
ImportError: Install s3fs to access S3
[2026-06-19T03:47:38.870+0000] {taskinstance.py:1206} INFO - Marking task as UP_FOR_RETRY. dag_id=viscon_minio_to_clickhouse, task_id=extract_and_load_viscon_task, run_id=scheduled__2026-06-17T07:30:00+00:00, execution_date=20260617T073000, start_date=20260619T034733, end_date=20260619T034738
[2026-06-19T03:47:38.916+0000] {standard_task_runner.py:110} ERROR - Failed to execute job 37 for task extract_and_load_viscon_task (Install s3fs to access S3; 168)
[2026-06-19T03:47:38.944+0000] {local_task_job_runner.py:240} INFO - Task exited with return code 1
[2026-06-19T03:47:39.016+0000] {taskinstance.py:3498} INFO - 0 downstream tasks scheduled from follow-on schedule check
[2026-06-19T03:47:39.022+0000] {local_task_job_runner.py:222} INFO - ::endgroup::
