[2026-06-19T03:50:19.672+0000] {local_task_job_runner.py:120} INFO - ::group::Pre task execution logs
[2026-06-19T03:50:19.759+0000] {taskinstance.py:2076} INFO - Dependencies all met for dep_context=non-requeueable deps ti=<TaskInstance: viscon_minio_to_clickhouse.extract_and_load_viscon_task manual__2026-06-19T03:47:31.731065+00:00 [queued]>
[2026-06-19T03:50:19.779+0000] {taskinstance.py:2076} INFO - Dependencies all met for dep_context=requeueable deps ti=<TaskInstance: viscon_minio_to_clickhouse.extract_and_load_viscon_task manual__2026-06-19T03:47:31.731065+00:00 [queued]>
[2026-06-19T03:50:19.779+0000] {taskinstance.py:2306} INFO - Starting attempt 2 of 3
[2026-06-19T03:50:19.811+0000] {taskinstance.py:2330} INFO - Executing <Task(PythonOperator): extract_and_load_viscon_task> on 2026-06-19 03:47:31.731065+00:00
[2026-06-19T03:50:19.824+0000] {standard_task_runner.py:63} INFO - Started process 166 to run task
[2026-06-19T03:50:19.831+0000] {standard_task_runner.py:90} INFO - Running: ['airflow', 'tasks', 'run', 'viscon_minio_to_clickhouse', 'extract_and_load_viscon_task', 'manual__2026-06-19T03:47:31.731065+00:00', '--job-id', '39', '--raw', '--subdir', 'DAGS_FOLDER/dag_minio_clickhouse.py', '--cfg-path', '/tmp/tmpsmtw5h97']
[2026-06-19T03:50:19.835+0000] {standard_task_runner.py:91} INFO - Job 39: Subtask extract_and_load_viscon_task
[2026-06-19T03:50:19.987+0000] {task_command.py:426} INFO - Running <TaskInstance: viscon_minio_to_clickhouse.extract_and_load_viscon_task manual__2026-06-19T03:47:31.731065+00:00 [running]> on host a83b825d79a2
[2026-06-19T03:50:20.272+0000] {taskinstance.py:2648} INFO - Exporting env vars: AIRFLOW_CTX_DAG_OWNER='data_engineering_team' AIRFLOW_CTX_DAG_ID='viscon_minio_to_clickhouse' AIRFLOW_CTX_TASK_ID='extract_and_load_viscon_task' AIRFLOW_CTX_EXECUTION_DATE='2026-06-19T03:47:31.731065+00:00' AIRFLOW_CTX_TRY_NUMBER='2' AIRFLOW_CTX_DAG_RUN_ID='manual__2026-06-19T03:47:31.731065+00:00'
[2026-06-19T03:50:20.273+0000] {taskinstance.py:430} INFO - ::endgroup::
[2026-06-19T03:50:20.982+0000] {base.py:84} INFO - Using connection ID 'minio_conn_id' for task execution.
[2026-06-19T03:50:20.983+0000] {logging_mixin.py:188} INFO - Membaca data langsung dari memori: s3://transplant-data-backup/final_plant_result/20260618-Good-transplant-data.csv
[2026-06-19T03:50:21.680+0000] {taskinstance.py:441} INFO - ::group::Post task execution logs
[2026-06-19T03:50:21.681+0000] {taskinstance.py:2905} ERROR - Task failed with exception
Traceback (most recent call last):
  File "/home/airflow/.local/lib/python3.10/site-packages/airflow/models/taskinstance.py", line 465, in _execute_task
    result = _execute_callable(context=context, **execute_callable_kwargs)
  File "/home/airflow/.local/lib/python3.10/site-packages/airflow/models/taskinstance.py", line 432, in _execute_callable
    return execute_callable(context=context, **execute_callable_kwargs)
  File "/home/airflow/.local/lib/python3.10/site-packages/airflow/models/baseoperator.py", line 400, in wrapper
    return func(self, *args, **kwargs)
  File "/home/airflow/.local/lib/python3.10/site-packages/airflow/operators/python.py", line 235, in execute
    return_value = self.execute_callable()
  File "/home/airflow/.local/lib/python3.10/site-packages/airflow/operators/python.py", line 252, in execute_callable
    return self.python_callable(*self.op_args, **self.op_kwargs)
  File "/opt/airflow/dags/dag_minio_clickhouse.py", line 52, in _process_viscon_data
    df = pd.read_csv(
  File "/home/airflow/.local/lib/python3.10/site-packages/pandas/io/parsers/readers.py", line 948, in read_csv
    return _read(filepath_or_buffer, kwds)
  File "/home/airflow/.local/lib/python3.10/site-packages/pandas/io/parsers/readers.py", line 611, in _read
    parser = TextFileReader(filepath_or_buffer, **kwds)
  File "/home/airflow/.local/lib/python3.10/site-packages/pandas/io/parsers/readers.py", line 1448, in __init__
    self._engine = self._make_engine(f, self.engine)
  File "/home/airflow/.local/lib/python3.10/site-packages/pandas/io/parsers/readers.py", line 1705, in _make_engine
    self.handles = get_handle(
  File "/home/airflow/.local/lib/python3.10/site-packages/pandas/io/common.py", line 718, in get_handle
    ioargs = _get_filepath_or_buffer(
  File "/home/airflow/.local/lib/python3.10/site-packages/pandas/io/common.py", line 420, in _get_filepath_or_buffer
    ).open()
  File "/home/airflow/.local/lib/python3.10/site-packages/fsspec/core.py", line 147, in open
    return self.__enter__()
  File "/home/airflow/.local/lib/python3.10/site-packages/fsspec/core.py", line 105, in __enter__
    f = self.fs.open(self.path, mode=mode)
  File "/home/airflow/.local/lib/python3.10/site-packages/fsspec/spec.py", line 1358, in open
    f = self._open(
  File "/home/airflow/.local/lib/python3.10/site-packages/s3fs/core.py", line 829, in _open
    return S3File(
  File "/home/airflow/.local/lib/python3.10/site-packages/s3fs/core.py", line 2561, in __init__
    super().__init__(
  File "/home/airflow/.local/lib/python3.10/site-packages/fsspec/spec.py", line 1932, in __init__
    self.size = self.details["size"]
  File "/home/airflow/.local/lib/python3.10/site-packages/fsspec/spec.py", line 1945, in details
    self._details = self.fs.info(self.path)
  File "/home/airflow/.local/lib/python3.10/site-packages/fsspec/asyn.py", line 118, in wrapper
    return sync(self.loop, func, *args, **kwargs)
  File "/home/airflow/.local/lib/python3.10/site-packages/fsspec/asyn.py", line 103, in sync
    raise return_result
  File "/home/airflow/.local/lib/python3.10/site-packages/fsspec/asyn.py", line 56, in _runner
    result[0] = await coro
  File "/home/airflow/.local/lib/python3.10/site-packages/s3fs/core.py", line 1737, in _info
    out = await self._call_s3(
  File "/home/airflow/.local/lib/python3.10/site-packages/s3fs/core.py", line 457, in _call_s3
    await self.set_session()
  File "/home/airflow/.local/lib/python3.10/site-packages/s3fs/core.py", line 681, in set_session
    self._s3 = await s3creator.__aenter__()
  File "/home/airflow/.local/lib/python3.10/site-packages/aiobotocore/session.py", line 35, in __aenter__
    self._client = await self._coro
  File "/home/airflow/.local/lib/python3.10/site-packages/aiobotocore/context.py", line 36, in wrapper
    return await func(*args, **kwargs)
  File "/home/airflow/.local/lib/python3.10/site-packages/aiobotocore/session.py", line 295, in _create_client
    client = await client_creator.create_client(
  File "/home/airflow/.local/lib/python3.10/site-packages/aiobotocore/client.py", line 88, in create_client
    client_args = await self._get_client_args(
  File "/home/airflow/.local/lib/python3.10/site-packages/aiobotocore/client.py", line 301, in _get_client_args
    return await args_creator.get_client_args(
  File "/home/airflow/.local/lib/python3.10/site-packages/aiobotocore/args.py", line 83, in get_client_args
    endpoint = endpoint_creator.create_endpoint(
  File "/home/airflow/.local/lib/python3.10/site-packages/aiobotocore/endpoint.py", line 326, in create_endpoint
    raise ValueError(f"Invalid endpoint: {endpoint_url}")
ValueError: Invalid endpoint: http://:None
[2026-06-19T03:50:21.718+0000] {taskinstance.py:1206} INFO - Marking task as UP_FOR_RETRY. dag_id=viscon_minio_to_clickhouse, task_id=extract_and_load_viscon_task, run_id=manual__2026-06-19T03:47:31.731065+00:00, execution_date=20260619T034731, start_date=20260619T035019, end_date=20260619T035021
[2026-06-19T03:50:21.756+0000] {standard_task_runner.py:110} ERROR - Failed to execute job 39 for task extract_and_load_viscon_task (Invalid endpoint: http://:None; 166)
[2026-06-19T03:50:21.790+0000] {local_task_job_runner.py:240} INFO - Task exited with return code 1
[2026-06-19T03:50:21.854+0000] {taskinstance.py:3498} INFO - 0 downstream tasks scheduled from follow-on schedule check
[2026-06-19T03:50:21.860+0000] {local_task_job_runner.py:222} INFO - ::endgroup::
