[2026-06-19T04:01:49.576+0000] {local_task_job_runner.py:120} INFO - ::group::Pre task execution logs
[2026-06-19T04:01:49.675+0000] {taskinstance.py:2076} INFO - Dependencies all met for dep_context=non-requeueable deps ti=<TaskInstance: viscon_minio_to_clickhouse.extract_and_load_viscon_task manual__2026-06-19T03:47:31.731065+00:00 [queued]>
[2026-06-19T04:01:49.701+0000] {taskinstance.py:2076} INFO - Dependencies all met for dep_context=requeueable deps ti=<TaskInstance: viscon_minio_to_clickhouse.extract_and_load_viscon_task manual__2026-06-19T03:47:31.731065+00:00 [queued]>
[2026-06-19T04:01:49.702+0000] {taskinstance.py:2306} INFO - Starting attempt 9 of 10
[2026-06-19T04:01:49.741+0000] {taskinstance.py:2330} INFO - Executing <Task(PythonOperator): extract_and_load_viscon_task> on 2026-06-19 03:47:31.731065+00:00
[2026-06-19T04:01:49.753+0000] {standard_task_runner.py:63} INFO - Started process 318 to run task
[2026-06-19T04:01:49.759+0000] {standard_task_runner.py:90} INFO - Running: ['airflow', 'tasks', 'run', 'viscon_minio_to_clickhouse', 'extract_and_load_viscon_task', 'manual__2026-06-19T03:47:31.731065+00:00', '--job-id', '47', '--raw', '--subdir', 'DAGS_FOLDER/dag_minio_clickhouse.py', '--cfg-path', '/tmp/tmpcp888yg1']
[2026-06-19T04:01:49.761+0000] {standard_task_runner.py:91} INFO - Job 47: Subtask extract_and_load_viscon_task
[2026-06-19T04:01:49.900+0000] {task_command.py:426} INFO - Running <TaskInstance: viscon_minio_to_clickhouse.extract_and_load_viscon_task manual__2026-06-19T03:47:31.731065+00:00 [running]> on host a83b825d79a2
[2026-06-19T04:01:50.275+0000] {taskinstance.py:2648} INFO - Exporting env vars: AIRFLOW_CTX_DAG_OWNER='data_engineering_team' AIRFLOW_CTX_DAG_ID='viscon_minio_to_clickhouse' AIRFLOW_CTX_TASK_ID='extract_and_load_viscon_task' AIRFLOW_CTX_EXECUTION_DATE='2026-06-19T03:47:31.731065+00:00' AIRFLOW_CTX_TRY_NUMBER='9' AIRFLOW_CTX_DAG_RUN_ID='manual__2026-06-19T03:47:31.731065+00:00'
[2026-06-19T04:01:50.277+0000] {taskinstance.py:430} INFO - ::endgroup::
[2026-06-19T04:01:51.754+0000] {base.py:84} INFO - Using connection ID 'minio_conn_id' for task execution.
[2026-06-19T04:01:51.755+0000] {logging_mixin.py:188} INFO - minio_conn minio_conn_id
[2026-06-19T04:01:51.756+0000] {logging_mixin.py:188} INFO - minio_conn.host 
[2026-06-19T04:01:51.756+0000] {logging_mixin.py:188} INFO - minio_conn.port None
[2026-06-19T04:01:51.756+0000] {logging_mixin.py:188} INFO - minio_conn.login rjOLAir5n9kcnZVMXPYd
[2026-06-19T04:01:51.757+0000] {logging_mixin.py:188} INFO - minio_conn.password ***
[2026-06-19T04:01:51.757+0000] {logging_mixin.py:188} INFO - minio_conn.extra_dejson {'endpoint_url': '172.17.252.103:9000'}
[2026-06-19T04:01:51.757+0000] {logging_mixin.py:188} INFO - Membaca data langsung dari memori: s3://transplant-data-backup/final_plant_result/20260618-Good-transplant-data.csv
[2026-06-19T04:01:55.002+0000] {base.py:84} INFO - Using connection ID 'clickhouse_http_conn_id' for task execution.
[2026-06-19T04:01:55.005+0000] {logging_mixin.py:188} INFO - Membuka koneksi ke ClickHouse di 172.17.253.181:8123
[2026-06-19T04:01:55.947+0000] {logging_mixin.py:188} INFO - Sukses! 23175 baris data masuk ke ClickHouse.
[2026-06-19T04:01:55.951+0000] {python.py:237} INFO - Done. Returned value was: None
[2026-06-19T04:01:55.952+0000] {taskinstance.py:441} INFO - ::group::Post task execution logs
[2026-06-19T04:01:55.991+0000] {taskinstance.py:1206} INFO - Marking task as SUCCESS. dag_id=viscon_minio_to_clickhouse, task_id=extract_and_load_viscon_task, run_id=manual__2026-06-19T03:47:31.731065+00:00, execution_date=20260619T034731, start_date=20260619T040149, end_date=20260619T040155
[2026-06-19T04:01:56.071+0000] {local_task_job_runner.py:240} INFO - Task exited with return code 0
[2026-06-19T04:01:56.132+0000] {taskinstance.py:3498} INFO - 0 downstream tasks scheduled from follow-on schedule check
[2026-06-19T04:01:56.143+0000] {local_task_job_runner.py:222} INFO - ::endgroup::
