[2026-06-19T07:30:01.296+0000] {local_task_job_runner.py:120} INFO - ::group::Pre task execution logs
[2026-06-19T07:30:01.396+0000] {taskinstance.py:2076} INFO - Dependencies all met for dep_context=non-requeueable deps ti=<TaskInstance: viscon_minio_to_clickhouse.extract_and_load_viscon_task scheduled__2026-06-18T07:30:00+00:00 [queued]>
[2026-06-19T07:30:01.409+0000] {taskinstance.py:2076} INFO - Dependencies all met for dep_context=requeueable deps ti=<TaskInstance: viscon_minio_to_clickhouse.extract_and_load_viscon_task scheduled__2026-06-18T07:30:00+00:00 [queued]>
[2026-06-19T07:30:01.410+0000] {taskinstance.py:2306} INFO - Starting attempt 1 of 2
[2026-06-19T07:30:01.429+0000] {taskinstance.py:2330} INFO - Executing <Task(PythonOperator): extract_and_load_viscon_task> on 2026-06-18 07:30:00+00:00
[2026-06-19T07:30:01.438+0000] {standard_task_runner.py:63} INFO - Started process 2352 to run task
[2026-06-19T07:30:01.443+0000] {standard_task_runner.py:90} INFO - Running: ['airflow', 'tasks', 'run', 'viscon_minio_to_clickhouse', 'extract_and_load_viscon_task', 'scheduled__2026-06-18T07:30:00+00:00', '--job-id', '48', '--raw', '--subdir', 'DAGS_FOLDER/dag_minio_clickhouse.py', '--cfg-path', '/tmp/tmpld1vz520']
[2026-06-19T07:30:01.447+0000] {standard_task_runner.py:91} INFO - Job 48: Subtask extract_and_load_viscon_task
[2026-06-19T07:30:01.623+0000] {task_command.py:426} INFO - Running <TaskInstance: viscon_minio_to_clickhouse.extract_and_load_viscon_task scheduled__2026-06-18T07:30:00+00:00 [running]> on host a83b825d79a2
[2026-06-19T07:30:01.856+0000] {taskinstance.py:2648} INFO - Exporting env vars: AIRFLOW_CTX_DAG_OWNER='data_engineering_team' AIRFLOW_CTX_DAG_ID='viscon_minio_to_clickhouse' AIRFLOW_CTX_TASK_ID='extract_and_load_viscon_task' AIRFLOW_CTX_EXECUTION_DATE='2026-06-18T07:30:00+00:00' AIRFLOW_CTX_TRY_NUMBER='1' AIRFLOW_CTX_DAG_RUN_ID='scheduled__2026-06-18T07:30:00+00:00'
[2026-06-19T07:30:01.856+0000] {taskinstance.py:430} INFO - ::endgroup::
[2026-06-19T07:30:02.723+0000] {base.py:84} INFO - Using connection ID 'minio_conn_id' for task execution.
[2026-06-19T07:30:02.725+0000] {logging_mixin.py:188} INFO - minio_conn minio_conn_id
[2026-06-19T07:30:02.725+0000] {logging_mixin.py:188} INFO - minio_conn.host 
[2026-06-19T07:30:02.725+0000] {logging_mixin.py:188} INFO - minio_conn.port None
[2026-06-19T07:30:02.725+0000] {logging_mixin.py:188} INFO - minio_conn.login rjOLAir5n9kcnZVMXPYd
[2026-06-19T07:30:02.725+0000] {logging_mixin.py:188} INFO - minio_conn.password ***
[2026-06-19T07:30:02.725+0000] {logging_mixin.py:188} INFO - minio_conn.extra_dejson {'endpoint_url': '172.17.252.103:9000'}
[2026-06-19T07:30:02.726+0000] {logging_mixin.py:188} INFO - Membaca data langsung dari memori: s3://transplant-data-backup/final_plant_result/20260618-Good-transplant-data.csv
[2026-06-19T07:30:04.898+0000] {base.py:84} INFO - Using connection ID 'clickhouse_http_conn_id' for task execution.
[2026-06-19T07:30:04.898+0000] {logging_mixin.py:188} INFO - Membuka koneksi ke ClickHouse di 172.17.253.181:8123
[2026-06-19T07:30:05.725+0000] {logging_mixin.py:188} INFO - Sukses! 23175 baris data masuk ke ClickHouse.
[2026-06-19T07:30:05.726+0000] {python.py:237} INFO - Done. Returned value was: None
[2026-06-19T07:30:05.726+0000] {taskinstance.py:441} INFO - ::group::Post task execution logs
[2026-06-19T07:30:05.758+0000] {taskinstance.py:1206} INFO - Marking task as SUCCESS. dag_id=viscon_minio_to_clickhouse, task_id=extract_and_load_viscon_task, run_id=scheduled__2026-06-18T07:30:00+00:00, execution_date=20260618T073000, start_date=20260619T073001, end_date=20260619T073005
[2026-06-19T07:30:05.826+0000] {local_task_job_runner.py:240} INFO - Task exited with return code 0
[2026-06-19T07:30:05.851+0000] {taskinstance.py:3498} INFO - 0 downstream tasks scheduled from follow-on schedule check
[2026-06-19T07:30:05.854+0000] {local_task_job_runner.py:222} INFO - ::endgroup::
